`open()` is deprecated in mongoose >= 4.11.0, use `openUri()` instead, or set the `useMongoClient` option if using `connect()` or `createConnection()`. See http://mongoosejs.com/docs/connections.html#use-mongo-client
Conexion a la base de datos establecida
API REST corriendo en http://localhost:443
MENSAJE GUARDADO
MENSAJE GUARDADO
MENSAJE GUARDADO
MENSAJE GUARDADO
Wed, 13 Dec 2017 09:00:03 GMT express deprecated res.send(status, body): Use res.status(status).send(body) instead at controllers/profiles.js:48:13

> api-rest@1.0.0 start /home/ubuntu/dataSaverv2/TLServer
> node ./index.js

/home/ubuntu/dataSaverv2/TLServer/controllers/profiles.js:176
            const [result, itemCount] = promisses;
                  ^

SyntaxError: Unexpected token [
    at exports.runInThisContext (vm.js:53:16)
    at Module._compile (module.js:374:25)
    at Object.Module._extensions..js (module.js:417:10)
    at Module.load (module.js:344:32)
    at Function.Module._load (module.js:301:12)
    at Module.require (module.js:354:17)
    at require (internal/module.js:12:17)
    at Object.<anonymous> (/home/ubuntu/dataSaverv2/TLServer/routes/index.js:6:28)
    at Module._compile (module.js:410:26)
    at Object.Module._extensions..js (module.js:417:10)
    at Module.load (module.js:344:32)
    at Function.Module._load (module.js:301:12)
    at Module.require (module.js:354:17)
    at require (internal/module.js:12:17)
    at Object.<anonymous> (/home/ubuntu/dataSaverv2/TLServer/app.js:6:15)
    at Module._compile (module.js:410:26)

npm ERR! Linux 4.4.0-1041-aws
npm ERR! argv "/usr/bin/nodejs" "/usr/bin/npm" "start"
npm ERR! node v4.2.6
npm ERR! npm  v3.5.2
npm ERR! code ELIFECYCLE
npm ERR! api-rest@1.0.0 start: `node ./index.js`
npm ERR! Exit status 1
npm ERR! 
npm ERR! Failed at the api-rest@1.0.0 start script 'node ./index.js'.
npm ERR! Make sure you have the latest version of node.js and npm installed.
npm ERR! If you do, this is most likely a problem with the api-rest package,
npm ERR! not with npm itself.
npm ERR! Tell the author that this fails on your system:
npm ERR!     node ./index.js
npm ERR! You can get information on how to open an issue for this project with:
npm ERR!     npm bugs api-rest
npm ERR! Or if that isn't available, you can get their info via:
npm ERR!     npm owner ls api-rest
npm ERR! There is likely additional logging output above.

npm ERR! Please include the following file with any support request:
npm ERR!     /home/ubuntu/dataSaverv2/TLServer/npm-debug.log

> api-rest@1.0.0 start /home/ubuntu/dataSaverv2/TLServer
> node ./index.js

/home/ubuntu/dataSaverv2/TLServer/controllers/profiles.js:176
            const [result, itemCount] = promisses;
                  ^

SyntaxError: Unexpected token [
    at exports.runInThisContext (vm.js:53:16)
    at Module._compile (module.js:374:25)
    at Object.Module._extensions..js (module.js:417:10)
    at Module.load (module.js:344:32)
    at Function.Module._load (module.js:301:12)
    at Module.require (module.js:354:17)
    at require (internal/module.js:12:17)
    at Object.<anonymous> (/home/ubuntu/dataSaverv2/TLServer/routes/index.js:6:28)
    at Module._compile (module.js:410:26)
    at Object.Module._extensions..js (module.js:417:10)
    at Module.load (module.js:344:32)
    at Function.Module._load (module.js:301:12)
    at Module.require (module.js:354:17)
    at require (internal/module.js:12:17)
    at Object.<anonymous> (/home/ubuntu/dataSaverv2/TLServer/app.js:6:15)
    at Module._compile (module.js:410:26)

npm ERR! Linux 4.4.0-1041-aws
npm ERR! argv "/usr/bin/nodejs" "/usr/bin/npm" "start"
npm ERR! node v4.2.6
npm ERR! npm  v3.5.2
npm ERR! code ELIFECYCLE
npm ERR! api-rest@1.0.0 start: `node ./index.js`
npm ERR! Exit status 1
npm ERR! 
npm ERR! Failed at the api-rest@1.0.0 start script 'node ./index.js'.
npm ERR! Make sure you have the latest version of node.js and npm installed.
npm ERR! If you do, this is most likely a problem with the api-rest package,
npm ERR! not with npm itself.
npm ERR! Tell the author that this fails on your system:
npm ERR!     node ./index.js
npm ERR! You can get information on how to open an issue for this project with:
npm ERR!     npm bugs api-rest
npm ERR! Or if that isn't available, you can get their info via:
npm ERR!     npm owner ls api-rest
npm ERR! There is likely additional logging output above.

npm ERR! Please include the following file with any support request:
npm ERR!     /home/ubuntu/dataSaverv2/TLServer/npm-debug.log

> api-rest@1.0.0 start /home/ubuntu/dataSaverv2/TLServer
> node ./index.js

(node:29380) DeprecationWarning: `open()` is deprecated in mongoose >= 4.11.0, use `openUri()` instead, or set the `useMongoClient` option if using `connect()` or `createConnection()`. See http://mongoosejs.com/docs/connections.html#use-mongo-client
Conexion a la base de datos establecida
API REST corriendo en http://localhost:443
{}
Tue, 19 Dec 2017 15:20:39 GMT express deprecated res.send(status, body): Use res.status(status).send(body) instead at controllers/profiles.js:178:24
{}
{}
{}
{}
{}
{}
{}
{}
{}
{}
{}
{}
{}
{}
{}
MENSAJE GUARDADO
Las skills son [{"skill":"Polymer"},{"skill":"CSS3"},{"skill":"ECMAScript"},{"skill":"WebSockets"},{"skill":"XHTML"},{"skill":"JavaScript"},{"skill":"HTML 5"},{"skill":"JSON"},{"skill":"W3C"},{"skill":"Google Developer Tools"},{"skill":"Mobile Applications"},{"skill":"Progressive Web Apps"},{"skill":"Web Development"},{"skill":"W3C Standards"},{"skill":"jQuery"},{"skill":"Microformats"},{"skill":"Usability"},{"skill":"HTML5"},{"skill":"AngularJS"},{"skill":"W3C Validation"},{"skill":"Node.js"},{"skill":"HTML"},{"skill":"W3C Accessibility"},{"skill":"Scrum"}]
Las empresas del perfil son [{"jobName":"Head Of Development","jobDescription":"","company":"Kairós Digital Solutions S.L.","when":"marzo de 2015 – Actualidad","howMuch":"(2 años y 9 meses)","where":"Madrid"},{"jobName":"HTML5, mobile developer and Technical Advisor","jobDescription":"","company":"Bushido Developers","when":"noviembre de 2013 – diciembre de 2016","howMuch":"(3 años y 1 mes)","where":"Madrid, Spain"},{"jobName":"Blackberry Developer Evangelist","jobDescription":"I was BlackBerry Developer Evangelist, in other words, I managed the developer Relations in Spain and Portugal. I tried to involve the developers community in the BlackBerry 10 development and teach them the different SDKs and ways to develop for the platform. Also I lead the relations with Universities to include BlackBerry 10 development in the subject related with mobile development. It was a great job where I could meet a lot of professionals, I talked in several events and give support to get the apps done.","company":"BlackBerry","when":"septiembre de 2012 – noviembre de 2013","howMuch":"(1 año y 2 meses)","where":"Madrid"},{"jobName":"Director of the course Mobile Web Applications Development with HTML5","jobDescription":"","company":"AECOMO Academy","when":"noviembre de 2011 – septiembre de 2012","howMuch":"(10 meses)","where":"Madrid y alrededores, España"},{"jobName":"Frontend developer","jobDescription":"","company":"Jorge del Casar","when":"junio de 2011 – septiembre de 2012","howMuch":"(1 año y 3 meses)","where":"Madrid"},{"jobName":"Co-founder","jobDescription":"I work like a project manager, being responsible for product development, considering and studying improvements, including them into the road plan. As every project has to manage problems of users and troubleshooting. I also make the frontend and manage backend development.","company":"Shotools.com","when":"enero de 2010 – septiembre de 2012","howMuch":"(2 años y 8 meses)","where":""},{"jobName":"Technical Manager","jobDescription":"Manage projects and the team","company":"Social Noise","when":"febrero de 2011 – mayo de 2011","howMuch":"(3 meses)","where":""},{"jobName":"Web designer / Frontend engineer","jobDescription":"Frontend develop, specifically Javascript","company":"Softonic","when":"abril de 2009 – julio de 2010","howMuch":"(1 año y 3 meses)","where":""},{"jobName":"Pixelovers' Author","jobDescription":"Write post related with the frontend development","company":"Nexoblogs","when":"noviembre de 2009 – junio de 2010","howMuch":"(7 meses)","where":""},{"jobName":"Frontend and Accesibility Consultor","jobDescription":"","company":"Accedalia","when":"septiembre de 2008 – marzo de 2009","howMuch":"(6 meses)","where":""},{"jobName":"Frontend developer","jobDescription":"","company":"Innopulse","when":"2008 – 2009","howMuch":"","where":""},{"jobName":"Instructor","jobDescription":"","company":"Cepal","when":"septiembre de 2008 – octubre de 2008","howMuch":"(1 mes)","where":""},{"jobName":"Frontend accesibility expert","jobDescription":"Development of web interfaces with a great need for accessibility and usability. Using technologies XHTML, CSS, JavaScript and following web standards to ensure consistency between browsers. Facilitate the management of web users using JavaScript, without the web is dependent on it, ie, non-intrusive. With the boom of Web 2.0 have left many JavaScript Frameworks to make cross-platform development with less difficulty, for both knowledge and their management is useful (Prototype, jQuery, MooTools, Dojo ...)","company":"Adesis Netlife","when":"abril de 2007 – septiembre de 2008","howMuch":"(1 año y 5 meses)","where":""},{"jobName":"Instructor","jobDescription":"","company":"Cepal","when":"septiembre de 2007 – octubre de 2007","howMuch":"(1 mes)","where":""},{"jobName":"Web developer and accesibility consultor","jobDescription":"Register, host, develop and maintain new web sites to customers who request it and keep those who already had as we develop new designs and new releases. Develop applications for internal use. In addition to performing consulting services in web accessibility.","company":"Accedalia","when":"noviembre de 2005 – marzo de 2007","howMuch":"(1 año y 4 meses)","where":""},{"jobName":"Web developer","jobDescription":"Register, host, develop and maintain new web sites to customers who request it and keep those who already had as we develop new designs and new releases. Develop applications for internal use.","company":"X-novo Legal &amp; Web Solutions","when":"agosto de 2004 – junio de 2005","howMuch":"(10 meses)","where":""}]
Se ha guardado la company { __v: 0,
  _id: 0,
  companyName: '"Kairós Digital Solutions S.L."' }
Se ha guardado la skill { __v: 0, _id: 0, skillName: '"Polymer"' }
Se ha guardado la skill { __v: 0, _id: 1, skillName: '"CSS3"' }
Se ha guardado la company { __v: 0, _id: 1, companyName: '"Bushido Developers"' }
Se ha guardado la company { __v: 0, _id: 2, companyName: '"BlackBerry"' }
Se ha guardado la skill { __v: 0, _id: 2, skillName: '"ECMAScript"' }
Se ha guardado la skill { __v: 0, _id: 3, skillName: '"WebSockets"' }
Se ha guardado la company { __v: 0, _id: 3, companyName: '"AECOMO Academy"' }
Se ha guardado la company { __v: 0, _id: 4, companyName: '"Jorge del Casar"' }
Se ha guardado la skill { __v: 0, _id: 4, skillName: '"XHTML"' }
Se ha guardado la skill { __v: 0, _id: 5, skillName: '"JavaScript"' }
Se ha guardado la company { __v: 0, _id: 5, companyName: '"Shotools.com"' }
Se ha guardado la company { __v: 0, _id: 6, companyName: '"Social Noise"' }
Se ha guardado la skill { __v: 0, _id: 6, skillName: '"HTML 5"' }
Se ha guardado la skill { __v: 0, _id: 7, skillName: '"JSON"' }
Se ha guardado la company { __v: 0, _id: 7, companyName: '"Softonic"' }
Se ha guardado la company { __v: 0, _id: 8, companyName: '"Nexoblogs"' }
Se ha guardado la skill { __v: 0, _id: 8, skillName: '"W3C"' }
Se ha guardado la skill { __v: 0, _id: 9, skillName: '"Google Developer Tools"' }
Se ha guardado la company { __v: 0, _id: 9, companyName: '"Accedalia"' }
Se ha guardado la company { __v: 0, _id: 10, companyName: '"Innopulse"' }
Se ha guardado la skill { __v: 0, _id: 10, skillName: '"Mobile Applications"' }
Se ha guardado la skill { __v: 0, _id: 11, skillName: '"Progressive Web Apps"' }
Se ha guardado la company { __v: 0, _id: 11, companyName: '"Cepal"' }
Se ha guardado la company { __v: 0, _id: 12, companyName: '"Adesis Netlife"' }
Se ha guardado la skill { __v: 0, _id: 12, skillName: '"Web Development"' }
La company  { _id: 11, companyName: '"Cepal"', __v: 0 } ya estaba guardada
La company  { _id: 9, companyName: '"Accedalia"', __v: 0 } ya estaba guardada
Se ha guardado la skill { __v: 0, _id: 13, skillName: '"W3C Standards"' }
Se ha guardado la company { __v: 0,
  _id: 13,
  companyName: '"X-novo Legal &amp; Web Solutions"' }
ya se han guardado todas las empresas
Se ha guardado la skill { __v: 0, _id: 14, skillName: '"jQuery"' }
Se ha guardado la skill { __v: 0, _id: 15, skillName: '"Microformats"' }
Se ha guardado la skill { __v: 0, _id: 16, skillName: '"Usability"' }
Se ha guardado la skill { __v: 0, _id: 17, skillName: '"HTML5"' }
Se ha guardado la skill { __v: 0, _id: 18, skillName: '"AngularJS"' }
Se ha guardado la skill { __v: 0, _id: 19, skillName: '"W3C Validation"' }
Se ha guardado la skill { __v: 0, _id: 20, skillName: '"Node.js"' }
Se ha guardado la skill { __v: 0, _id: 21, skillName: '"HTML"' }
Se ha guardado la skill { __v: 0, _id: 22, skillName: '"W3C Accessibility"' }
Se ha guardado la skill { __v: 0, _id: 23, skillName: '"Scrum"' }
ya se han guardado todas las skills
{}
{}
{}

> api-rest@1.0.0 start /home/ubuntu/dataSaverv2/TLServer
> node ./index.js

(node:29560) DeprecationWarning: `open()` is deprecated in mongoose >= 4.11.0, use `openUri()` instead, or set the `useMongoClient` option if using `connect()` or `createConnection()`. See http://mongoosejs.com/docs/connections.html#use-mongo-client
Conexion a la base de datos establecida
API REST corriendo en http://localhost:443
{}
Tue, 19 Dec 2017 15:55:45 GMT express deprecated res.send(status, body): Use res.status(status).send(body) instead at controllers/profiles.js:178:24
Front-End
MENSAJE GUARDADO
Las skills son [{"skill":"Polymer"},{"skill":"CSS 3"},{"skill":"Git"},{"skill":"JavaScript"},{"skill":"CSS"},{"skill":"Pruebas"},{"skill":"Gestión de proyectos"},{"skill":"UAT"},{"skill":"Administración y dirección de empresas"},{"skill":"Desarrollo de software"},{"skill":"Microsoft Excel"},{"skill":"MongoDB"},{"skill":"C (programación)"},{"skill":"Python"},{"skill":"Microsoft Office"},{"skill":"VBA"},{"skill":"Seguridad"},{"skill":"PIC"},{"skill":"HTML5"},{"skill":"Telecomunicaciones"},{"skill":"Node.js"},{"skill":"C++"},{"skill":"Android"},{"skill":"Pruebas de validación"},{"skill":"Raspberry PI"},{"skill":"Arduino"},{"skill":"Java"},{"skill":"Scrum"},{"skill":"SQL"}]
Las empresas del perfil son [{"jobName":"Junior JS Specialist","jobDescription":"","company":"Kairós Digital Solutions S.L.","when":"febrero de 2016 – Actualidad","howMuch":"(1 año y 10 meses)","where":"Madrid y alrededores, España"},{"jobName":"Ingeniero Software","jobDescription":"Desarrollador 'front-end' y 'back-end'","company":"MashMeGroup SL","when":"enero de 2015 – octubre de 2015","howMuch":"(9 meses)","where":"Madrid, España"},{"jobName":"Specialist IT Quality Assurance (personal externo)","jobDescription":"Pruebas UAT y Releases. Gestión de suministradores","company":"Vodafone España","when":"julio de 2012 – febrero de 2013","howMuch":"(7 meses)","where":"Madrid, España"},{"jobName":"Becario en 'Pruebas y terminales'","jobDescription":"Pruebas UAT y Releases. Gestión de inventario","company":"Vodafone España","when":"enero de 2012 – junio de 2012","howMuch":"(5 meses)","where":"Madrid, España"},{"jobName":"Investigador Estudiante","jobDescription":"En el laboratorio GSI DIT-UPM","company":"Universidad Politécnica de Madrid","when":"febrero de 2010 – septiembre de 2011","howMuch":"(1 año y 7 meses)","where":"Madrid, España"}]
La company  { _id: 0,
  companyName: '"Kairós Digital Solutions S.L."',
  __v: 0 } ya estaba guardada
La skill  { _id: 0, skillName: '"Polymer"', __v: 0 } ya estaba guardada
Se ha guardado la company { __v: 0, _id: 14, companyName: '"MashMeGroup SL"' }
Se ha guardado la skill { __v: 0, _id: 24, skillName: '"CSS 3"' }
Se ha guardado la skill { __v: 0, _id: 25, skillName: '"Git"' }
Se ha guardado la company { __v: 0, _id: 15, companyName: '"Vodafone España"' }
La company  { _id: 15, companyName: '"Vodafone España"', __v: 0 } ya estaba guardada
La skill  { _id: 5, skillName: '"JavaScript"', __v: 0 } ya estaba guardada
Se ha guardado la company { __v: 0,
  _id: 16,
  companyName: '"Universidad Politécnica de Madrid"' }
Se ha guardado la skill { __v: 0, _id: 26, skillName: '"CSS"' }
ya se han guardado todas las empresas
Se ha guardado la skill { __v: 0, _id: 27, skillName: '"Pruebas"' }
Se ha guardado la skill { __v: 0, _id: 28, skillName: '"Gestión de proyectos"' }
Se ha guardado la skill { __v: 0, _id: 29, skillName: '"UAT"' }
Se ha guardado la skill { __v: 0,
  _id: 30,
  skillName: '"Administración y dirección de empresas"' }
Se ha guardado la skill { __v: 0, _id: 31, skillName: '"Desarrollo de software"' }
Se ha guardado la skill { __v: 0, _id: 32, skillName: '"Microsoft Excel"' }
Se ha guardado la skill { __v: 0, _id: 33, skillName: '"MongoDB"' }
Se ha guardado la skill { __v: 0, _id: 34, skillName: '"C (programación)"' }
Se ha guardado la skill { __v: 0, _id: 35, skillName: '"Python"' }
Se ha guardado la skill { __v: 0, _id: 36, skillName: '"Microsoft Office"' }
Se ha guardado la skill { __v: 0, _id: 37, skillName: '"VBA"' }
Se ha guardado la skill { __v: 0, _id: 38, skillName: '"Seguridad"' }
Se ha guardado la skill { __v: 0, _id: 39, skillName: '"PIC"' }
La skill  { _id: 17, skillName: '"HTML5"', __v: 0 } ya estaba guardada
Se ha guardado la skill { __v: 0, _id: 40, skillName: '"Telecomunicaciones"' }
La skill  { _id: 20, skillName: '"Node.js"', __v: 0 } ya estaba guardada
Se ha guardado la skill { __v: 0, _id: 41, skillName: '"C++"' }
Se ha guardado la skill { __v: 0, _id: 42, skillName: '"Android"' }
Se ha guardado la skill { __v: 0, _id: 43, skillName: '"Pruebas de validación"' }
Se ha guardado la skill { __v: 0, _id: 44, skillName: '"Raspberry PI"' }
Se ha guardado la skill { __v: 0, _id: 45, skillName: '"Arduino"' }
Se ha guardado la skill { __v: 0, _id: 46, skillName: '"Java"' }
La skill  { _id: 23, skillName: '"Scrum"', __v: 0 } ya estaba guardada
Se ha guardado la skill { __v: 0, _id: 47, skillName: '"SQL"' }
ya se han guardado todas las skills
{}
{}
{}
{}
