0 info it worked if it ends with ok
1 verbose cli [ '/usr/bin/nodejs', '/usr/bin/npm', 'install', 'node' ]
2 info using npm@3.5.2
3 info using node@v4.2.6
4 silly loadCurrentTree Starting
5 silly install loadCurrentTree
6 silly install readLocalPackageData
7 silly fetchPackageMetaData node
8 silly fetchNamedPackageData node
9 silly mapToRegistry name node
10 silly mapToRegistry using default registry
11 silly mapToRegistry registry https://registry.npmjs.org/
12 silly mapToRegistry uri https://registry.npmjs.org/node
13 verbose request uri https://registry.npmjs.org/node
14 verbose request no auth needed
15 info attempt registry request try #1 at 3:12:09 PM
16 verbose request id a909bc8212d990d7
17 http request GET https://registry.npmjs.org/node
18 http 200 https://registry.npmjs.org/node
19 verbose headers { 'content-type': 'application/json; charset=UTF-8',
19 verbose headers   server: 'UploadServer',
19 verbose headers   'cache-control': 'max-age=300',
19 verbose headers   'last-modified': 'Fri, 15 Dec 2017 5:07:42 GMT',
19 verbose headers   etag: '"5a33589e-52e25"',
19 verbose headers   'content-encoding': 'gzip',
19 verbose headers   'content-length': '55150',
19 verbose headers   'accept-ranges': 'bytes',
19 verbose headers   date: 'Tue, 19 Dec 2017 15:12:09 GMT',
19 verbose headers   via: '1.1 varnish',
19 verbose headers   age: '6763',
19 verbose headers   connection: 'keep-alive',
19 verbose headers   'x-served-by': 'cache-lhr6327-LHR',
19 verbose headers   'x-cache': 'HIT',
19 verbose headers   'x-cache-hits': '1',
19 verbose headers   'x-timer': 'S1513696330.554250,VS0,VE1',
19 verbose headers   vary: 'Accept-Encoding, Accept' }
20 silly get cb [ 200,
20 silly get   { 'content-type': 'application/json; charset=UTF-8',
20 silly get     server: 'UploadServer',
20 silly get     'cache-control': 'max-age=300',
20 silly get     'last-modified': 'Fri, 15 Dec 2017 5:07:42 GMT',
20 silly get     etag: '"5a33589e-52e25"',
20 silly get     'content-encoding': 'gzip',
20 silly get     'content-length': '55150',
20 silly get     'accept-ranges': 'bytes',
20 silly get     date: 'Tue, 19 Dec 2017 15:12:09 GMT',
20 silly get     via: '1.1 varnish',
20 silly get     age: '6763',
20 silly get     connection: 'keep-alive',
20 silly get     'x-served-by': 'cache-lhr6327-LHR',
20 silly get     'x-cache': 'HIT',
20 silly get     'x-cache-hits': '1',
20 silly get     'x-timer': 'S1513696330.554250,VS0,VE1',
20 silly get     vary: 'Accept-Encoding, Accept' } ]
21 verbose get saving node to /home/ubuntu/.npm/registry.npmjs.org/node/.cache.json
22 silly install normalizeTree
23 silly loadCurrentTree Finishing
24 silly loadIdealTree Starting
25 silly install loadIdealTree
26 silly cloneCurrentTree Starting
27 silly install cloneCurrentTreeToIdealTree
28 silly cloneCurrentTree Finishing
29 silly loadShrinkwrap Starting
30 silly install loadShrinkwrap
31 silly loadShrinkwrap Finishing
32 silly loadAllDepsIntoIdealTree Starting
33 silly install loadAllDepsIntoIdealTree
34 silly resolveWithNewModule node@9.3.0 checking installable status
35 silly cache add args [ 'node', null ]
36 verbose cache add spec node
37 silly cache add parsed spec Result {
37 silly cache add   raw: 'node',
37 silly cache add   scope: null,
37 silly cache add   name: 'node',
37 silly cache add   rawSpec: '',
37 silly cache add   spec: 'latest',
37 silly cache add   type: 'tag' }
38 silly addNamed node@latest
39 verbose addNamed "latest" is being treated as a dist-tag for node
40 info addNameTag [ 'node', 'latest' ]
41 silly mapToRegistry name node
42 silly mapToRegistry using default registry
43 silly mapToRegistry registry https://registry.npmjs.org/
44 silly mapToRegistry uri https://registry.npmjs.org/node
45 verbose addNameTag registry:https://registry.npmjs.org/node not in flight; fetching
46 verbose get https://registry.npmjs.org/node not expired, no request
47 silly addNameTag next cb for node with tag latest
48 silly addNamed node@9.3.0
49 verbose addNamed "9.3.0" is a plain semver version for node
50 silly mapToRegistry name node
51 silly mapToRegistry using default registry
52 silly mapToRegistry registry https://registry.npmjs.org/
53 silly mapToRegistry uri https://registry.npmjs.org/node
54 verbose addRemoteTarball https://registry.npmjs.org/node/-/node-9.3.0.tgz not in flight; adding
55 verbose addRemoteTarball [ 'https://registry.npmjs.org/node/-/node-9.3.0.tgz',
55 verbose addRemoteTarball   'a71d437ff95cb028c87f07ff8fc5365a80fa3bd9' ]
56 info retry fetch attempt 1 at 3:12:09 PM
57 info attempt registry request try #1 at 3:12:09 PM
58 http fetch GET https://registry.npmjs.org/node/-/node-9.3.0.tgz
59 http fetch 200 https://registry.npmjs.org/node/-/node-9.3.0.tgz
60 silly fetchAndShaCheck shasum a71d437ff95cb028c87f07ff8fc5365a80fa3bd9
61 verbose addTmpTarball /tmp/npm-26963-5161c2f2/registry.npmjs.org/node/-/node-9.3.0.tgz not in flight; adding
62 verbose addTmpTarball already have metadata; skipping unpack for node@9.3.0
63 silly cache afterAdd node@9.3.0
64 verbose afterAdd /home/ubuntu/.npm/node/9.3.0/package/package.json not in flight; writing
65 verbose afterAdd /home/ubuntu/.npm/node/9.3.0/package/package.json written
66 silly fetchNamedPackageData node-bin-setup
67 silly mapToRegistry name node-bin-setup
68 silly mapToRegistry using default registry
69 silly mapToRegistry registry https://registry.npmjs.org/
70 silly mapToRegistry uri https://registry.npmjs.org/node-bin-setup
71 verbose request uri https://registry.npmjs.org/node-bin-setup
72 verbose request no auth needed
73 info attempt registry request try #1 at 3:12:09 PM
74 http request GET https://registry.npmjs.org/node-bin-setup
75 http 200 https://registry.npmjs.org/node-bin-setup
76 verbose headers { 'content-type': 'application/json; charset=UTF-8',
76 verbose headers   server: 'UploadServer',
76 verbose headers   'cache-control': 'max-age=300',
76 verbose headers   'last-modified': 'Tue, 25 Jul 2017 3:32:58 GMT',
76 verbose headers   etag: '"5976bbea-1511"',
76 verbose headers   'content-encoding': 'gzip',
76 verbose headers   'content-length': '1464',
76 verbose headers   'accept-ranges': 'bytes',
76 verbose headers   date: 'Tue, 19 Dec 2017 15:12:09 GMT',
76 verbose headers   via: '1.1 varnish',
76 verbose headers   age: '5762',
76 verbose headers   connection: 'keep-alive',
76 verbose headers   'x-served-by': 'cache-lhr6324-LHR',
76 verbose headers   'x-cache': 'HIT',
76 verbose headers   'x-cache-hits': '1',
76 verbose headers   'x-timer': 'S1513696330.951476,VS0,VE1',
76 verbose headers   vary: 'Accept-Encoding, Accept' }
77 silly get cb [ 200,
77 silly get   { 'content-type': 'application/json; charset=UTF-8',
77 silly get     server: 'UploadServer',
77 silly get     'cache-control': 'max-age=300',
77 silly get     'last-modified': 'Tue, 25 Jul 2017 3:32:58 GMT',
77 silly get     etag: '"5976bbea-1511"',
77 silly get     'content-encoding': 'gzip',
77 silly get     'content-length': '1464',
77 silly get     'accept-ranges': 'bytes',
77 silly get     date: 'Tue, 19 Dec 2017 15:12:09 GMT',
77 silly get     via: '1.1 varnish',
77 silly get     age: '5762',
77 silly get     connection: 'keep-alive',
77 silly get     'x-served-by': 'cache-lhr6324-LHR',
77 silly get     'x-cache': 'HIT',
77 silly get     'x-cache-hits': '1',
77 silly get     'x-timer': 'S1513696330.951476,VS0,VE1',
77 silly get     vary: 'Accept-Encoding, Accept' } ]
78 verbose get saving node-bin-setup to /home/ubuntu/.npm/registry.npmjs.org/node-bin-setup/.cache.json
79 silly resolveWithNewModule node-bin-setup@1.0.6 checking installable status
80 silly cache add args [ 'node-bin-setup@^1.0.0', null ]
81 verbose cache add spec node-bin-setup@^1.0.0
82 silly cache add parsed spec Result {
82 silly cache add   raw: 'node-bin-setup@^1.0.0',
82 silly cache add   scope: null,
82 silly cache add   name: 'node-bin-setup',
82 silly cache add   rawSpec: '^1.0.0',
82 silly cache add   spec: '>=1.0.0 <2.0.0',
82 silly cache add   type: 'range' }
83 silly addNamed node-bin-setup@>=1.0.0 <2.0.0
84 verbose addNamed ">=1.0.0 <2.0.0" is a valid semver range for node-bin-setup
85 silly addNameRange { name: 'node-bin-setup',
85 silly addNameRange   range: '>=1.0.0 <2.0.0',
85 silly addNameRange   hasData: false }
86 silly mapToRegistry name node-bin-setup
87 silly mapToRegistry using default registry
88 silly mapToRegistry registry https://registry.npmjs.org/
89 silly mapToRegistry uri https://registry.npmjs.org/node-bin-setup
90 verbose addNameRange registry:https://registry.npmjs.org/node-bin-setup not in flight; fetching
91 verbose get https://registry.npmjs.org/node-bin-setup not expired, no request
92 silly addNameRange number 2 { name: 'node-bin-setup',
92 silly addNameRange   range: '>=1.0.0 <2.0.0',
92 silly addNameRange   hasData: true }
93 silly addNameRange versions [ 'node-bin-setup',
93 silly addNameRange   [ '1.0.0', '1.0.1', '1.0.2', '1.0.3', '1.0.4', '1.0.6' ] ]
94 silly addNamed node-bin-setup@1.0.6
95 verbose addNamed "1.0.6" is a plain semver version for node-bin-setup
96 silly mapToRegistry name node-bin-setup
97 silly mapToRegistry using default registry
98 silly mapToRegistry registry https://registry.npmjs.org/
99 silly mapToRegistry uri https://registry.npmjs.org/node-bin-setup
100 verbose addRemoteTarball https://registry.npmjs.org/node-bin-setup/-/node-bin-setup-1.0.6.tgz not in flight; adding
101 verbose addRemoteTarball [ 'https://registry.npmjs.org/node-bin-setup/-/node-bin-setup-1.0.6.tgz',
101 verbose addRemoteTarball   '4b5c9bb937ece702d7069b36ca78af4684677528' ]
102 info retry fetch attempt 1 at 3:12:09 PM
103 info attempt registry request try #1 at 3:12:09 PM
104 http fetch GET https://registry.npmjs.org/node-bin-setup/-/node-bin-setup-1.0.6.tgz
105 http fetch 200 https://registry.npmjs.org/node-bin-setup/-/node-bin-setup-1.0.6.tgz
106 silly fetchAndShaCheck shasum 4b5c9bb937ece702d7069b36ca78af4684677528
107 verbose addTmpTarball /tmp/npm-26963-5161c2f2/registry.npmjs.org/node-bin-setup/-/node-bin-setup-1.0.6.tgz not in flight; adding
108 verbose addTmpTarball already have metadata; skipping unpack for node-bin-setup@1.0.6
109 silly cache afterAdd node-bin-setup@1.0.6
110 verbose afterAdd /home/ubuntu/.npm/node-bin-setup/1.0.6/package/package.json not in flight; writing
111 verbose afterAdd /home/ubuntu/.npm/node-bin-setup/1.0.6/package/package.json written
112 silly fetchNamedPackageData fsevents
113 silly mapToRegistry name fsevents
114 silly mapToRegistry using default registry
115 silly mapToRegistry registry https://registry.npmjs.org/
116 silly mapToRegistry uri https://registry.npmjs.org/fsevents
117 verbose request uri https://registry.npmjs.org/fsevents
118 verbose request no auth needed
119 info attempt registry request try #1 at 3:12:10 PM
120 verbose etag "5a1e8efd-e513"
121 verbose lastModified Wed, 29 Nov 2017 10:42:05 GMT
122 http request GET https://registry.npmjs.org/fsevents
123 http 304 https://registry.npmjs.org/fsevents
124 verbose headers { date: 'Tue, 19 Dec 2017 15:12:10 GMT',
124 verbose headers   via: '1.1 varnish',
124 verbose headers   'cache-control': 'max-age=300',
124 verbose headers   etag: '"5a1e8efd-e513"',
124 verbose headers   age: '6372',
124 verbose headers   connection: 'keep-alive',
124 verbose headers   'x-served-by': 'cache-lhr6350-LHR',
124 verbose headers   'x-cache': 'HIT',
124 verbose headers   'x-cache-hits': '249',
124 verbose headers   'x-timer': 'S1513696330.184697,VS0,VE0',
124 verbose headers   vary: 'Accept-Encoding, Accept' }
125 silly get cb [ 304,
125 silly get   { date: 'Tue, 19 Dec 2017 15:12:10 GMT',
125 silly get     via: '1.1 varnish',
125 silly get     'cache-control': 'max-age=300',
125 silly get     etag: '"5a1e8efd-e513"',
125 silly get     age: '6372',
125 silly get     connection: 'keep-alive',
125 silly get     'x-served-by': 'cache-lhr6350-LHR',
125 silly get     'x-cache': 'HIT',
125 silly get     'x-cache-hits': '249',
125 silly get     'x-timer': 'S1513696330.184697,VS0,VE0',
125 silly get     vary: 'Accept-Encoding, Accept' } ]
126 verbose etag https://registry.npmjs.org/fsevents from cache
127 verbose get saving fsevents to /home/ubuntu/.npm/registry.npmjs.org/fsevents/.cache.json
128 silly resolveWithNewModule fsevents@1.1.3 checking installable status
129 silly loadAllDepsIntoIdealTree Finishing
130 silly idealTree:prePrune api-rest@1.0.0
130 silly idealTree:prePrune ├── @remy/pstree@1.1.0
130 silly idealTree:prePrune ├── abbrev@1.1.1
130 silly idealTree:prePrune ├── accepts@1.3.4
130 silly idealTree:prePrune ├── ansi-align@2.0.0
130 silly idealTree:prePrune ├── ansi-regex@3.0.0
130 silly idealTree:prePrune ├── ansi-styles@3.2.0
130 silly idealTree:prePrune ├── anymatch@1.3.2
130 silly idealTree:prePrune ├── arr-diff@2.0.0
130 silly idealTree:prePrune ├── arr-flatten@1.1.0
130 silly idealTree:prePrune ├── array-flatten@1.1.1
130 silly idealTree:prePrune ├── array-unique@0.2.1
130 silly idealTree:prePrune ├── async-each@1.0.1
130 silly idealTree:prePrune ├── async@2.1.4
130 silly idealTree:prePrune ├── balanced-match@1.0.0
130 silly idealTree:prePrune ├── binary-extensions@1.11.0
130 silly idealTree:prePrune ├── bluebird@3.5.0
130 silly idealTree:prePrune ├── body-parser@1.18.2
130 silly idealTree:prePrune ├── boxen@1.3.0
130 silly idealTree:prePrune ├── brace-expansion@1.1.8
130 silly idealTree:prePrune ├── braces@1.8.5
130 silly idealTree:prePrune ├── bson@1.0.4
130 silly idealTree:prePrune ├── buffer-shims@1.0.0
130 silly idealTree:prePrune ├── bytes@3.0.0
130 silly idealTree:prePrune ├── camelcase@4.1.0
130 silly idealTree:prePrune ├── capture-stack-trace@1.0.0
130 silly idealTree:prePrune ├── chalk@2.3.0
130 silly idealTree:prePrune ├── chokidar@1.7.0
130 silly idealTree:prePrune ├── cli-boxes@1.0.0
130 silly idealTree:prePrune ├── color-convert@1.9.1
130 silly idealTree:prePrune ├── color-name@1.1.3
130 silly idealTree:prePrune ├── concat-map@0.0.1
130 silly idealTree:prePrune ├── configstore@3.1.1
130 silly idealTree:prePrune ├── content-disposition@0.5.2
130 silly idealTree:prePrune ├── content-type@1.0.4
130 silly idealTree:prePrune ├── cookie-signature@1.0.6
130 silly idealTree:prePrune ├── cookie@0.3.1
130 silly idealTree:prePrune ├── core-util-is@1.0.2
130 silly idealTree:prePrune ├── create-error-class@3.0.2
130 silly idealTree:prePrune ├── cross-spawn@5.1.0
130 silly idealTree:prePrune ├── crypto-random-string@1.0.0
130 silly idealTree:prePrune ├── debug@2.6.9
130 silly idealTree:prePrune ├── deep-extend@0.4.2
130 silly idealTree:prePrune ├── depd@1.1.1
130 silly idealTree:prePrune ├── destroy@1.0.4
130 silly idealTree:prePrune ├── dot-prop@4.2.0
130 silly idealTree:prePrune ├── duplexer3@0.1.4
130 silly idealTree:prePrune ├── duplexer@0.1.1
130 silly idealTree:prePrune ├── ee-first@1.1.1
130 silly idealTree:prePrune ├── ejs@2.5.7
130 silly idealTree:prePrune ├── encodeurl@1.0.1
130 silly idealTree:prePrune ├── es6-promise@3.2.1
130 silly idealTree:prePrune ├── escape-html@1.0.3
130 silly idealTree:prePrune ├── escape-string-regexp@1.0.5
130 silly idealTree:prePrune ├── etag@1.8.1
130 silly idealTree:prePrune ├── event-stream@3.3.4
130 silly idealTree:prePrune ├── execa@0.7.0
130 silly idealTree:prePrune ├── expand-brackets@0.1.5
130 silly idealTree:prePrune ├── expand-range@1.8.2
130 silly idealTree:prePrune ├── express-paginate@0.3.0
130 silly idealTree:prePrune ├─┬ express@4.16.2
130 silly idealTree:prePrune │ ├── setprototypeof@1.1.0
130 silly idealTree:prePrune │ └── statuses@1.3.1
130 silly idealTree:prePrune ├── extend@3.0.1
130 silly idealTree:prePrune ├── extglob@0.3.2
130 silly idealTree:prePrune ├── filename-regex@2.0.1
130 silly idealTree:prePrune ├── fill-range@2.2.3
130 silly idealTree:prePrune ├─┬ finalhandler@1.1.0
130 silly idealTree:prePrune │ └── statuses@1.3.1
130 silly idealTree:prePrune ├── for-in@1.0.2
130 silly idealTree:prePrune ├── for-own@0.1.5
130 silly idealTree:prePrune ├── forwarded@0.1.2
130 silly idealTree:prePrune ├── fresh@0.5.2
130 silly idealTree:prePrune ├── from@0.1.7
130 silly idealTree:prePrune ├── get-stream@3.0.0
130 silly idealTree:prePrune ├── glob-base@0.3.0
130 silly idealTree:prePrune ├── glob-parent@2.0.0
130 silly idealTree:prePrune ├── global-dirs@0.1.1
130 silly idealTree:prePrune ├── got@6.7.1
130 silly idealTree:prePrune ├── graceful-fs@4.1.11
130 silly idealTree:prePrune ├── has-flag@2.0.0
130 silly idealTree:prePrune ├── hooks-fixed@2.0.2
130 silly idealTree:prePrune ├── http-errors@1.6.2
130 silly idealTree:prePrune ├── iconv-lite@0.4.19
130 silly idealTree:prePrune ├── ignore-by-default@1.0.1
130 silly idealTree:prePrune ├── import-lazy@2.1.0
130 silly idealTree:prePrune ├── imurmurhash@0.1.4
130 silly idealTree:prePrune ├── inherits@2.0.3
130 silly idealTree:prePrune ├── ini@1.3.5
130 silly idealTree:prePrune ├── ipaddr.js@1.5.2
130 silly idealTree:prePrune ├── is-binary-path@1.0.1
130 silly idealTree:prePrune ├── is-buffer@1.1.6
130 silly idealTree:prePrune ├── is-dotfile@1.0.3
130 silly idealTree:prePrune ├── is-equal-shallow@0.1.3
130 silly idealTree:prePrune ├── is-extendable@0.1.1
130 silly idealTree:prePrune ├── is-extglob@1.0.0
130 silly idealTree:prePrune ├── is-fullwidth-code-point@2.0.0
130 silly idealTree:prePrune ├── is-glob@2.0.1
130 silly idealTree:prePrune ├── is-installed-globally@0.1.0
130 silly idealTree:prePrune ├── is-npm@1.0.0
130 silly idealTree:prePrune ├── is-number@2.1.0
130 silly idealTree:prePrune ├── is-obj@1.0.1
130 silly idealTree:prePrune ├── is-path-inside@1.0.1
130 silly idealTree:prePrune ├── is-posix-bracket@0.1.1
130 silly idealTree:prePrune ├── is-primitive@2.0.0
130 silly idealTree:prePrune ├── is-redirect@1.0.0
130 silly idealTree:prePrune ├── is-retry-allowed@1.1.0
130 silly idealTree:prePrune ├── is-stream@1.1.0
130 silly idealTree:prePrune ├── isarray@1.0.0
130 silly idealTree:prePrune ├── isexe@2.0.0
130 silly idealTree:prePrune ├── isobject@2.1.0
130 silly idealTree:prePrune ├── kareem@1.5.0
130 silly idealTree:prePrune ├── kind-of@3.2.2
130 silly idealTree:prePrune ├── latest-version@3.1.0
130 silly idealTree:prePrune ├── lodash._baseassign@3.2.0
130 silly idealTree:prePrune ├── lodash._basecopy@3.0.1
130 silly idealTree:prePrune ├── lodash._bindcallback@3.0.1
130 silly idealTree:prePrune ├── lodash._createassigner@3.1.1
130 silly idealTree:prePrune ├── lodash._getnative@3.9.1
130 silly idealTree:prePrune ├── lodash._isiterateecall@3.0.9
130 silly idealTree:prePrune ├── lodash.assign@4.2.0
130 silly idealTree:prePrune ├── lodash.clone@4.5.0
130 silly idealTree:prePrune ├─┬ lodash.defaults@3.1.2
130 silly idealTree:prePrune │ └── lodash.assign@3.2.0
130 silly idealTree:prePrune ├── lodash.get@4.4.2
130 silly idealTree:prePrune ├── lodash.isarguments@3.1.0
130 silly idealTree:prePrune ├── lodash.isarray@3.0.4
130 silly idealTree:prePrune ├── lodash.isobject@3.0.2
130 silly idealTree:prePrune ├── lodash.keys@3.1.2
130 silly idealTree:prePrune ├── lodash.restparam@3.6.1
130 silly idealTree:prePrune ├── lodash@4.17.4
130 silly idealTree:prePrune ├── lowercase-keys@1.0.0
130 silly idealTree:prePrune ├── lru-cache@4.1.1
130 silly idealTree:prePrune ├── make-dir@1.1.0
130 silly idealTree:prePrune ├── map-stream@0.1.0
130 silly idealTree:prePrune ├── media-typer@0.3.0
130 silly idealTree:prePrune ├── merge-descriptors@1.0.1
130 silly idealTree:prePrune ├── methods@1.1.2
130 silly idealTree:prePrune ├── micromatch@2.3.11
130 silly idealTree:prePrune ├── mime-db@1.30.0
130 silly idealTree:prePrune ├── mime-types@2.1.17
130 silly idealTree:prePrune ├── mime@1.4.1
130 silly idealTree:prePrune ├── minimatch@3.0.4
130 silly idealTree:prePrune ├── minimist@1.2.0
130 silly idealTree:prePrune ├── mongod@2.0.0
130 silly idealTree:prePrune ├── mongodb-core@3.0.0-rc0
130 silly idealTree:prePrune ├── mongodb-server@1.0.0
130 silly idealTree:prePrune ├── mongodb@3.0.0-rc0
130 silly idealTree:prePrune ├── mongoose-auto-increment@5.0.1
130 silly idealTree:prePrune ├─┬ mongoose@4.13.7
130 silly idealTree:prePrune │ ├── mongodb-core@2.1.17
130 silly idealTree:prePrune │ └── mongodb@2.2.33
130 silly idealTree:prePrune ├── mpath@0.3.0
130 silly idealTree:prePrune ├── mpromise@0.5.5
130 silly idealTree:prePrune ├─┬ mquery@2.3.3
130 silly idealTree:prePrune │ └── sliced@0.0.5
130 silly idealTree:prePrune ├── ms@2.0.0
130 silly idealTree:prePrune ├── muri@1.3.0
130 silly idealTree:prePrune ├── negotiator@0.6.1
130 silly idealTree:prePrune ├── node-bin-setup@1.0.6
130 silly idealTree:prePrune ├── node@9.3.0
130 silly idealTree:prePrune ├─┬ nodemon@1.13.3
130 silly idealTree:prePrune │ └── es6-promise@3.3.1
130 silly idealTree:prePrune ├── nopt@1.0.10
130 silly idealTree:prePrune ├── normalize-path@2.1.1
130 silly idealTree:prePrune ├── npm-run-path@2.0.2
130 silly idealTree:prePrune ├── object.omit@2.0.1
130 silly idealTree:prePrune ├── on-finished@2.3.0
130 silly idealTree:prePrune ├── p-finally@1.0.0
130 silly idealTree:prePrune ├── package-json@4.0.1
130 silly idealTree:prePrune ├── parse-glob@3.0.4
130 silly idealTree:prePrune ├── parseurl@1.3.2
130 silly idealTree:prePrune ├── path-is-absolute@1.0.1
130 silly idealTree:prePrune ├── path-is-inside@1.0.2
130 silly idealTree:prePrune ├── path-key@2.0.1
130 silly idealTree:prePrune ├── path-to-regexp@0.1.7
130 silly idealTree:prePrune ├── pause-stream@0.0.11
130 silly idealTree:prePrune ├── pify@3.0.0
130 silly idealTree:prePrune ├── prepend-http@1.0.4
130 silly idealTree:prePrune ├── preserve@0.2.0
130 silly idealTree:prePrune ├── process-nextick-args@1.0.7
130 silly idealTree:prePrune ├── promise-queue@2.2.3
130 silly idealTree:prePrune ├── proxy-addr@2.0.2
130 silly idealTree:prePrune ├── ps-tree@1.1.0
130 silly idealTree:prePrune ├── pseudomap@1.0.2
130 silly idealTree:prePrune ├── qs@6.5.1
130 silly idealTree:prePrune ├── querystring@0.2.0
130 silly idealTree:prePrune ├─┬ randomatic@1.1.7
130 silly idealTree:prePrune │ ├─┬ is-number@3.0.0
130 silly idealTree:prePrune │ │ └── kind-of@3.2.2
130 silly idealTree:prePrune │ └── kind-of@4.0.0
130 silly idealTree:prePrune ├── range-parser@1.2.0
130 silly idealTree:prePrune ├── raw-body@2.3.2
130 silly idealTree:prePrune ├── rc@1.2.2
130 silly idealTree:prePrune ├── readable-stream@2.2.7
130 silly idealTree:prePrune ├── readdirp@2.1.0
130 silly idealTree:prePrune ├── regex-cache@0.4.4
130 silly idealTree:prePrune ├── regexp-clone@0.0.1
130 silly idealTree:prePrune ├── registry-auth-token@3.3.1
130 silly idealTree:prePrune ├── registry-url@3.1.0
130 silly idealTree:prePrune ├── remove-trailing-separator@1.1.0
130 silly idealTree:prePrune ├── repeat-element@1.1.2
130 silly idealTree:prePrune ├── repeat-string@1.6.1
130 silly idealTree:prePrune ├── require_optional@1.0.1
130 silly idealTree:prePrune ├── resolve-from@2.0.0
130 silly idealTree:prePrune ├── safe-buffer@5.1.1
130 silly idealTree:prePrune ├── semver-diff@2.1.0
130 silly idealTree:prePrune ├── semver@5.4.1
130 silly idealTree:prePrune ├─┬ send@0.16.1
130 silly idealTree:prePrune │ └── statuses@1.3.1
130 silly idealTree:prePrune ├── serve-static@1.13.1
130 silly idealTree:prePrune ├── set-immediate-shim@1.0.1
130 silly idealTree:prePrune ├── setprototypeof@1.0.3
130 silly idealTree:prePrune ├── shebang-command@1.2.0
130 silly idealTree:prePrune ├── shebang-regex@1.0.0
130 silly idealTree:prePrune ├── signal-exit@3.0.2
130 silly idealTree:prePrune ├── sliced@1.0.1
130 silly idealTree:prePrune ├── split@0.3.3
130 silly idealTree:prePrune ├── statuses@1.4.0
130 silly idealTree:prePrune ├── stream-combiner@0.0.4
130 silly idealTree:prePrune ├── string-width@2.1.1
130 silly idealTree:prePrune ├── string_decoder@1.0.3
130 silly idealTree:prePrune ├── strip-ansi@4.0.0
130 silly idealTree:prePrune ├── strip-eof@1.0.0
130 silly idealTree:prePrune ├── strip-json-comments@2.0.1
130 silly idealTree:prePrune ├── supports-color@4.5.0
130 silly idealTree:prePrune ├── term-size@1.2.0
130 silly idealTree:prePrune ├── through@2.3.8
130 silly idealTree:prePrune ├── timed-out@4.0.1
130 silly idealTree:prePrune ├── touch@3.1.0
130 silly idealTree:prePrune ├── type-is@1.6.15
130 silly idealTree:prePrune ├── undefsafe@0.0.3
130 silly idealTree:prePrune ├── unique-string@1.0.0
130 silly idealTree:prePrune ├── unpipe@1.0.0
130 silly idealTree:prePrune ├── unzip-response@2.0.1
130 silly idealTree:prePrune ├── update-notifier@2.3.0
130 silly idealTree:prePrune ├── url-parse-lax@1.0.0
130 silly idealTree:prePrune ├── util-deprecate@1.0.2
130 silly idealTree:prePrune ├── utils-merge@1.0.1
130 silly idealTree:prePrune ├── vary@1.1.2
130 silly idealTree:prePrune ├── which@1.3.0
130 silly idealTree:prePrune ├── widest-line@2.0.0
130 silly idealTree:prePrune ├── write-file-atomic@2.3.0
130 silly idealTree:prePrune ├── xdg-basedir@3.0.0
130 silly idealTree:prePrune └── yallist@2.1.2
131 silly loadIdealTree Finishing
132 silly currentTree api-rest@1.0.0
132 silly currentTree ├── @remy/pstree@1.1.0
132 silly currentTree ├── abbrev@1.1.1
132 silly currentTree ├── accepts@1.3.4
132 silly currentTree ├── ansi-align@2.0.0
132 silly currentTree ├── ansi-regex@3.0.0
132 silly currentTree ├── ansi-styles@3.2.0
132 silly currentTree ├── anymatch@1.3.2
132 silly currentTree ├── arr-diff@2.0.0
132 silly currentTree ├── arr-flatten@1.1.0
132 silly currentTree ├── array-flatten@1.1.1
132 silly currentTree ├── array-unique@0.2.1
132 silly currentTree ├── async-each@1.0.1
132 silly currentTree ├── async@2.1.4
132 silly currentTree ├── balanced-match@1.0.0
132 silly currentTree ├── binary-extensions@1.11.0
132 silly currentTree ├── bluebird@3.5.0
132 silly currentTree ├── body-parser@1.18.2
132 silly currentTree ├── boxen@1.3.0
132 silly currentTree ├── brace-expansion@1.1.8
132 silly currentTree ├── braces@1.8.5
132 silly currentTree ├── bson@1.0.4
132 silly currentTree ├── buffer-shims@1.0.0
132 silly currentTree ├── bytes@3.0.0
132 silly currentTree ├── camelcase@4.1.0
132 silly currentTree ├── capture-stack-trace@1.0.0
132 silly currentTree ├── chalk@2.3.0
132 silly currentTree ├── chokidar@1.7.0
132 silly currentTree ├── cli-boxes@1.0.0
132 silly currentTree ├── color-convert@1.9.1
132 silly currentTree ├── color-name@1.1.3
132 silly currentTree ├── concat-map@0.0.1
132 silly currentTree ├── configstore@3.1.1
132 silly currentTree ├── content-disposition@0.5.2
132 silly currentTree ├── content-type@1.0.4
132 silly currentTree ├── cookie-signature@1.0.6
132 silly currentTree ├── cookie@0.3.1
132 silly currentTree ├── core-util-is@1.0.2
132 silly currentTree ├── create-error-class@3.0.2
132 silly currentTree ├── cross-spawn@5.1.0
132 silly currentTree ├── crypto-random-string@1.0.0
132 silly currentTree ├── debug@2.6.9
132 silly currentTree ├── deep-extend@0.4.2
132 silly currentTree ├── depd@1.1.1
132 silly currentTree ├── destroy@1.0.4
132 silly currentTree ├── dot-prop@4.2.0
132 silly currentTree ├── duplexer3@0.1.4
132 silly currentTree ├── duplexer@0.1.1
132 silly currentTree ├── ee-first@1.1.1
132 silly currentTree ├── ejs@2.5.7
132 silly currentTree ├── encodeurl@1.0.1
132 silly currentTree ├── es6-promise@3.2.1
132 silly currentTree ├── escape-html@1.0.3
132 silly currentTree ├── escape-string-regexp@1.0.5
132 silly currentTree ├── etag@1.8.1
132 silly currentTree ├── event-stream@3.3.4
132 silly currentTree ├── execa@0.7.0
132 silly currentTree ├── expand-brackets@0.1.5
132 silly currentTree ├── expand-range@1.8.2
132 silly currentTree ├── express-paginate@0.3.0
132 silly currentTree ├─┬ express@4.16.2
132 silly currentTree │ ├── setprototypeof@1.1.0
132 silly currentTree │ └── statuses@1.3.1
132 silly currentTree ├── extend@3.0.1
132 silly currentTree ├── extglob@0.3.2
132 silly currentTree ├── filename-regex@2.0.1
132 silly currentTree ├── fill-range@2.2.3
132 silly currentTree ├─┬ finalhandler@1.1.0
132 silly currentTree │ └── statuses@1.3.1
132 silly currentTree ├── for-in@1.0.2
132 silly currentTree ├── for-own@0.1.5
132 silly currentTree ├── forwarded@0.1.2
132 silly currentTree ├── fresh@0.5.2
132 silly currentTree ├── from@0.1.7
132 silly currentTree ├── get-stream@3.0.0
132 silly currentTree ├── glob-base@0.3.0
132 silly currentTree ├── glob-parent@2.0.0
132 silly currentTree ├── global-dirs@0.1.1
132 silly currentTree ├── got@6.7.1
132 silly currentTree ├── graceful-fs@4.1.11
132 silly currentTree ├── has-flag@2.0.0
132 silly currentTree ├── hooks-fixed@2.0.2
132 silly currentTree ├── http-errors@1.6.2
132 silly currentTree ├── iconv-lite@0.4.19
132 silly currentTree ├── ignore-by-default@1.0.1
132 silly currentTree ├── import-lazy@2.1.0
132 silly currentTree ├── imurmurhash@0.1.4
132 silly currentTree ├── inherits@2.0.3
132 silly currentTree ├── ini@1.3.5
132 silly currentTree ├── ipaddr.js@1.5.2
132 silly currentTree ├── is-binary-path@1.0.1
132 silly currentTree ├── is-buffer@1.1.6
132 silly currentTree ├── is-dotfile@1.0.3
132 silly currentTree ├── is-equal-shallow@0.1.3
132 silly currentTree ├── is-extendable@0.1.1
132 silly currentTree ├── is-extglob@1.0.0
132 silly currentTree ├── is-fullwidth-code-point@2.0.0
132 silly currentTree ├── is-glob@2.0.1
132 silly currentTree ├── is-installed-globally@0.1.0
132 silly currentTree ├── is-npm@1.0.0
132 silly currentTree ├── is-number@2.1.0
132 silly currentTree ├── is-obj@1.0.1
132 silly currentTree ├── is-path-inside@1.0.1
132 silly currentTree ├── is-posix-bracket@0.1.1
132 silly currentTree ├── is-primitive@2.0.0
132 silly currentTree ├── is-redirect@1.0.0
132 silly currentTree ├── is-retry-allowed@1.1.0
132 silly currentTree ├── is-stream@1.1.0
132 silly currentTree ├── isarray@1.0.0
132 silly currentTree ├── isexe@2.0.0
132 silly currentTree ├── isobject@2.1.0
132 silly currentTree ├── kareem@1.5.0
132 silly currentTree ├── kind-of@3.2.2
132 silly currentTree ├── latest-version@3.1.0
132 silly currentTree ├── lodash._baseassign@3.2.0
132 silly currentTree ├── lodash._basecopy@3.0.1
132 silly currentTree ├── lodash._bindcallback@3.0.1
132 silly currentTree ├── lodash._createassigner@3.1.1
132 silly currentTree ├── lodash._getnative@3.9.1
132 silly currentTree ├── lodash._isiterateecall@3.0.9
132 silly currentTree ├── lodash.assign@4.2.0
132 silly currentTree ├── lodash.clone@4.5.0
132 silly currentTree ├─┬ lodash.defaults@3.1.2
132 silly currentTree │ └── lodash.assign@3.2.0
132 silly currentTree ├── lodash.get@4.4.2
132 silly currentTree ├── lodash.isarguments@3.1.0
132 silly currentTree ├── lodash.isarray@3.0.4
132 silly currentTree ├── lodash.isobject@3.0.2
132 silly currentTree ├── lodash.keys@3.1.2
132 silly currentTree ├── lodash.restparam@3.6.1
132 silly currentTree ├── lodash@4.17.4
132 silly currentTree ├── lowercase-keys@1.0.0
132 silly currentTree ├── lru-cache@4.1.1
132 silly currentTree ├── make-dir@1.1.0
132 silly currentTree ├── map-stream@0.1.0
132 silly currentTree ├── media-typer@0.3.0
132 silly currentTree ├── merge-descriptors@1.0.1
132 silly currentTree ├── methods@1.1.2
132 silly currentTree ├── micromatch@2.3.11
132 silly currentTree ├── mime-db@1.30.0
132 silly currentTree ├── mime-types@2.1.17
132 silly currentTree ├── mime@1.4.1
132 silly currentTree ├── minimatch@3.0.4
132 silly currentTree ├── minimist@1.2.0
132 silly currentTree ├── mongod@2.0.0
132 silly currentTree ├── mongodb-core@3.0.0-rc0
132 silly currentTree ├── mongodb-server@1.0.0
132 silly currentTree ├── mongodb@3.0.0-rc0
132 silly currentTree ├── mongoose-auto-increment@5.0.1
132 silly currentTree ├─┬ mongoose@4.13.7
132 silly currentTree │ ├── mongodb-core@2.1.17
132 silly currentTree │ └── mongodb@2.2.33
132 silly currentTree ├── mpath@0.3.0
132 silly currentTree ├── mpromise@0.5.5
132 silly currentTree ├─┬ mquery@2.3.3
132 silly currentTree │ └── sliced@0.0.5
132 silly currentTree ├── ms@2.0.0
132 silly currentTree ├── muri@1.3.0
132 silly currentTree ├── negotiator@0.6.1
132 silly currentTree ├─┬ nodemon@1.13.3
132 silly currentTree │ └── es6-promise@3.3.1
132 silly currentTree ├── nopt@1.0.10
132 silly currentTree ├── normalize-path@2.1.1
132 silly currentTree ├── npm-run-path@2.0.2
132 silly currentTree ├── object.omit@2.0.1
132 silly currentTree ├── on-finished@2.3.0
132 silly currentTree ├── p-finally@1.0.0
132 silly currentTree ├── package-json@4.0.1
132 silly currentTree ├── parse-glob@3.0.4
132 silly currentTree ├── parseurl@1.3.2
132 silly currentTree ├── path-is-absolute@1.0.1
132 silly currentTree ├── path-is-inside@1.0.2
132 silly currentTree ├── path-key@2.0.1
132 silly currentTree ├── path-to-regexp@0.1.7
132 silly currentTree ├── pause-stream@0.0.11
132 silly currentTree ├── pify@3.0.0
132 silly currentTree ├── prepend-http@1.0.4
132 silly currentTree ├── preserve@0.2.0
132 silly currentTree ├── process-nextick-args@1.0.7
132 silly currentTree ├── promise-queue@2.2.3
132 silly currentTree ├── proxy-addr@2.0.2
132 silly currentTree ├── ps-tree@1.1.0
132 silly currentTree ├── pseudomap@1.0.2
132 silly currentTree ├── qs@6.5.1
132 silly currentTree ├── querystring@0.2.0
132 silly currentTree ├─┬ randomatic@1.1.7
132 silly currentTree │ ├─┬ is-number@3.0.0
132 silly currentTree │ │ └── kind-of@3.2.2
132 silly currentTree │ └── kind-of@4.0.0
132 silly currentTree ├── range-parser@1.2.0
132 silly currentTree ├── raw-body@2.3.2
132 silly currentTree ├── rc@1.2.2
132 silly currentTree ├── readable-stream@2.2.7
132 silly currentTree ├── readdirp@2.1.0
132 silly currentTree ├── regex-cache@0.4.4
132 silly currentTree ├── regexp-clone@0.0.1
132 silly currentTree ├── registry-auth-token@3.3.1
132 silly currentTree ├── registry-url@3.1.0
132 silly currentTree ├── remove-trailing-separator@1.1.0
132 silly currentTree ├── repeat-element@1.1.2
132 silly currentTree ├── repeat-string@1.6.1
132 silly currentTree ├── require_optional@1.0.1
132 silly currentTree ├── resolve-from@2.0.0
132 silly currentTree ├── safe-buffer@5.1.1
132 silly currentTree ├── semver-diff@2.1.0
132 silly currentTree ├── semver@5.4.1
132 silly currentTree ├─┬ send@0.16.1
132 silly currentTree │ └── statuses@1.3.1
132 silly currentTree ├── serve-static@1.13.1
132 silly currentTree ├── set-immediate-shim@1.0.1
132 silly currentTree ├── setprototypeof@1.0.3
132 silly currentTree ├── shebang-command@1.2.0
132 silly currentTree ├── shebang-regex@1.0.0
132 silly currentTree ├── signal-exit@3.0.2
132 silly currentTree ├── sliced@1.0.1
132 silly currentTree ├── split@0.3.3
132 silly currentTree ├── statuses@1.4.0
132 silly currentTree ├── stream-combiner@0.0.4
132 silly currentTree ├── string-width@2.1.1
132 silly currentTree ├── string_decoder@1.0.3
132 silly currentTree ├── strip-ansi@4.0.0
132 silly currentTree ├── strip-eof@1.0.0
132 silly currentTree ├── strip-json-comments@2.0.1
132 silly currentTree ├── supports-color@4.5.0
132 silly currentTree ├── term-size@1.2.0
132 silly currentTree ├── through@2.3.8
132 silly currentTree ├── timed-out@4.0.1
132 silly currentTree ├── touch@3.1.0
132 silly currentTree ├── type-is@1.6.15
132 silly currentTree ├── undefsafe@0.0.3
132 silly currentTree ├── unique-string@1.0.0
132 silly currentTree ├── unpipe@1.0.0
132 silly currentTree ├── unzip-response@2.0.1
132 silly currentTree ├── update-notifier@2.3.0
132 silly currentTree ├── url-parse-lax@1.0.0
132 silly currentTree ├── util-deprecate@1.0.2
132 silly currentTree ├── utils-merge@1.0.1
132 silly currentTree ├── vary@1.1.2
132 silly currentTree ├── which@1.3.0
132 silly currentTree ├── widest-line@2.0.0
132 silly currentTree ├── write-file-atomic@2.3.0
132 silly currentTree ├── xdg-basedir@3.0.0
132 silly currentTree └── yallist@2.1.2
133 silly idealTree api-rest@1.0.0
133 silly idealTree ├── @remy/pstree@1.1.0
133 silly idealTree ├── abbrev@1.1.1
133 silly idealTree ├── accepts@1.3.4
133 silly idealTree ├── ansi-align@2.0.0
133 silly idealTree ├── ansi-regex@3.0.0
133 silly idealTree ├── ansi-styles@3.2.0
133 silly idealTree ├── anymatch@1.3.2
133 silly idealTree ├── arr-diff@2.0.0
133 silly idealTree ├── arr-flatten@1.1.0
133 silly idealTree ├── array-flatten@1.1.1
133 silly idealTree ├── array-unique@0.2.1
133 silly idealTree ├── async-each@1.0.1
133 silly idealTree ├── async@2.1.4
133 silly idealTree ├── balanced-match@1.0.0
133 silly idealTree ├── binary-extensions@1.11.0
133 silly idealTree ├── bluebird@3.5.0
133 silly idealTree ├── body-parser@1.18.2
133 silly idealTree ├── boxen@1.3.0
133 silly idealTree ├── brace-expansion@1.1.8
133 silly idealTree ├── braces@1.8.5
133 silly idealTree ├── bson@1.0.4
133 silly idealTree ├── buffer-shims@1.0.0
133 silly idealTree ├── bytes@3.0.0
133 silly idealTree ├── camelcase@4.1.0
133 silly idealTree ├── capture-stack-trace@1.0.0
133 silly idealTree ├── chalk@2.3.0
133 silly idealTree ├── chokidar@1.7.0
133 silly idealTree ├── cli-boxes@1.0.0
133 silly idealTree ├── color-convert@1.9.1
133 silly idealTree ├── color-name@1.1.3
133 silly idealTree ├── concat-map@0.0.1
133 silly idealTree ├── configstore@3.1.1
133 silly idealTree ├── content-disposition@0.5.2
133 silly idealTree ├── content-type@1.0.4
133 silly idealTree ├── cookie-signature@1.0.6
133 silly idealTree ├── cookie@0.3.1
133 silly idealTree ├── core-util-is@1.0.2
133 silly idealTree ├── create-error-class@3.0.2
133 silly idealTree ├── cross-spawn@5.1.0
133 silly idealTree ├── crypto-random-string@1.0.0
133 silly idealTree ├── debug@2.6.9
133 silly idealTree ├── deep-extend@0.4.2
133 silly idealTree ├── depd@1.1.1
133 silly idealTree ├── destroy@1.0.4
133 silly idealTree ├── dot-prop@4.2.0
133 silly idealTree ├── duplexer3@0.1.4
133 silly idealTree ├── duplexer@0.1.1
133 silly idealTree ├── ee-first@1.1.1
133 silly idealTree ├── ejs@2.5.7
133 silly idealTree ├── encodeurl@1.0.1
133 silly idealTree ├── es6-promise@3.2.1
133 silly idealTree ├── escape-html@1.0.3
133 silly idealTree ├── escape-string-regexp@1.0.5
133 silly idealTree ├── etag@1.8.1
133 silly idealTree ├── event-stream@3.3.4
133 silly idealTree ├── execa@0.7.0
133 silly idealTree ├── expand-brackets@0.1.5
133 silly idealTree ├── expand-range@1.8.2
133 silly idealTree ├── express-paginate@0.3.0
133 silly idealTree ├─┬ express@4.16.2
133 silly idealTree │ ├── setprototypeof@1.1.0
133 silly idealTree │ └── statuses@1.3.1
133 silly idealTree ├── extend@3.0.1
133 silly idealTree ├── extglob@0.3.2
133 silly idealTree ├── filename-regex@2.0.1
133 silly idealTree ├── fill-range@2.2.3
133 silly idealTree ├─┬ finalhandler@1.1.0
133 silly idealTree │ └── statuses@1.3.1
133 silly idealTree ├── for-in@1.0.2
133 silly idealTree ├── for-own@0.1.5
133 silly idealTree ├── forwarded@0.1.2
133 silly idealTree ├── fresh@0.5.2
133 silly idealTree ├── from@0.1.7
133 silly idealTree ├── get-stream@3.0.0
133 silly idealTree ├── glob-base@0.3.0
133 silly idealTree ├── glob-parent@2.0.0
133 silly idealTree ├── global-dirs@0.1.1
133 silly idealTree ├── got@6.7.1
133 silly idealTree ├── graceful-fs@4.1.11
133 silly idealTree ├── has-flag@2.0.0
133 silly idealTree ├── hooks-fixed@2.0.2
133 silly idealTree ├── http-errors@1.6.2
133 silly idealTree ├── iconv-lite@0.4.19
133 silly idealTree ├── ignore-by-default@1.0.1
133 silly idealTree ├── import-lazy@2.1.0
133 silly idealTree ├── imurmurhash@0.1.4
133 silly idealTree ├── inherits@2.0.3
133 silly idealTree ├── ini@1.3.5
133 silly idealTree ├── ipaddr.js@1.5.2
133 silly idealTree ├── is-binary-path@1.0.1
133 silly idealTree ├── is-buffer@1.1.6
133 silly idealTree ├── is-dotfile@1.0.3
133 silly idealTree ├── is-equal-shallow@0.1.3
133 silly idealTree ├── is-extendable@0.1.1
133 silly idealTree ├── is-extglob@1.0.0
133 silly idealTree ├── is-fullwidth-code-point@2.0.0
133 silly idealTree ├── is-glob@2.0.1
133 silly idealTree ├── is-installed-globally@0.1.0
133 silly idealTree ├── is-npm@1.0.0
133 silly idealTree ├── is-number@2.1.0
133 silly idealTree ├── is-obj@1.0.1
133 silly idealTree ├── is-path-inside@1.0.1
133 silly idealTree ├── is-posix-bracket@0.1.1
133 silly idealTree ├── is-primitive@2.0.0
133 silly idealTree ├── is-redirect@1.0.0
133 silly idealTree ├── is-retry-allowed@1.1.0
133 silly idealTree ├── is-stream@1.1.0
133 silly idealTree ├── isarray@1.0.0
133 silly idealTree ├── isexe@2.0.0
133 silly idealTree ├── isobject@2.1.0
133 silly idealTree ├── kareem@1.5.0
133 silly idealTree ├── kind-of@3.2.2
133 silly idealTree ├── latest-version@3.1.0
133 silly idealTree ├── lodash._baseassign@3.2.0
133 silly idealTree ├── lodash._basecopy@3.0.1
133 silly idealTree ├── lodash._bindcallback@3.0.1
133 silly idealTree ├── lodash._createassigner@3.1.1
133 silly idealTree ├── lodash._getnative@3.9.1
133 silly idealTree ├── lodash._isiterateecall@3.0.9
133 silly idealTree ├── lodash.assign@4.2.0
133 silly idealTree ├── lodash.clone@4.5.0
133 silly idealTree ├─┬ lodash.defaults@3.1.2
133 silly idealTree │ └── lodash.assign@3.2.0
133 silly idealTree ├── lodash.get@4.4.2
133 silly idealTree ├── lodash.isarguments@3.1.0
133 silly idealTree ├── lodash.isarray@3.0.4
133 silly idealTree ├── lodash.isobject@3.0.2
133 silly idealTree ├── lodash.keys@3.1.2
133 silly idealTree ├── lodash.restparam@3.6.1
133 silly idealTree ├── lodash@4.17.4
133 silly idealTree ├── lowercase-keys@1.0.0
133 silly idealTree ├── lru-cache@4.1.1
133 silly idealTree ├── make-dir@1.1.0
133 silly idealTree ├── map-stream@0.1.0
133 silly idealTree ├── media-typer@0.3.0
133 silly idealTree ├── merge-descriptors@1.0.1
133 silly idealTree ├── methods@1.1.2
133 silly idealTree ├── micromatch@2.3.11
133 silly idealTree ├── mime-db@1.30.0
133 silly idealTree ├── mime-types@2.1.17
133 silly idealTree ├── mime@1.4.1
133 silly idealTree ├── minimatch@3.0.4
133 silly idealTree ├── minimist@1.2.0
133 silly idealTree ├── mongod@2.0.0
133 silly idealTree ├── mongodb-core@3.0.0-rc0
133 silly idealTree ├── mongodb-server@1.0.0
133 silly idealTree ├── mongodb@3.0.0-rc0
133 silly idealTree ├── mongoose-auto-increment@5.0.1
133 silly idealTree ├─┬ mongoose@4.13.7
133 silly idealTree │ ├── mongodb-core@2.1.17
133 silly idealTree │ └── mongodb@2.2.33
133 silly idealTree ├── mpath@0.3.0
133 silly idealTree ├── mpromise@0.5.5
133 silly idealTree ├─┬ mquery@2.3.3
133 silly idealTree │ └── sliced@0.0.5
133 silly idealTree ├── ms@2.0.0
133 silly idealTree ├── muri@1.3.0
133 silly idealTree ├── negotiator@0.6.1
133 silly idealTree ├── node-bin-setup@1.0.6
133 silly idealTree ├── node@9.3.0
133 silly idealTree ├─┬ nodemon@1.13.3
133 silly idealTree │ └── es6-promise@3.3.1
133 silly idealTree ├── nopt@1.0.10
133 silly idealTree ├── normalize-path@2.1.1
133 silly idealTree ├── npm-run-path@2.0.2
133 silly idealTree ├── object.omit@2.0.1
133 silly idealTree ├── on-finished@2.3.0
133 silly idealTree ├── p-finally@1.0.0
133 silly idealTree ├── package-json@4.0.1
133 silly idealTree ├── parse-glob@3.0.4
133 silly idealTree ├── parseurl@1.3.2
133 silly idealTree ├── path-is-absolute@1.0.1
133 silly idealTree ├── path-is-inside@1.0.2
133 silly idealTree ├── path-key@2.0.1
133 silly idealTree ├── path-to-regexp@0.1.7
133 silly idealTree ├── pause-stream@0.0.11
133 silly idealTree ├── pify@3.0.0
133 silly idealTree ├── prepend-http@1.0.4
133 silly idealTree ├── preserve@0.2.0
133 silly idealTree ├── process-nextick-args@1.0.7
133 silly idealTree ├── promise-queue@2.2.3
133 silly idealTree ├── proxy-addr@2.0.2
133 silly idealTree ├── ps-tree@1.1.0
133 silly idealTree ├── pseudomap@1.0.2
133 silly idealTree ├── qs@6.5.1
133 silly idealTree ├── querystring@0.2.0
133 silly idealTree ├─┬ randomatic@1.1.7
133 silly idealTree │ ├─┬ is-number@3.0.0
133 silly idealTree │ │ └── kind-of@3.2.2
133 silly idealTree │ └── kind-of@4.0.0
133 silly idealTree ├── range-parser@1.2.0
133 silly idealTree ├── raw-body@2.3.2
133 silly idealTree ├── rc@1.2.2
133 silly idealTree ├── readable-stream@2.2.7
133 silly idealTree ├── readdirp@2.1.0
133 silly idealTree ├── regex-cache@0.4.4
133 silly idealTree ├── regexp-clone@0.0.1
133 silly idealTree ├── registry-auth-token@3.3.1
133 silly idealTree ├── registry-url@3.1.0
133 silly idealTree ├── remove-trailing-separator@1.1.0
133 silly idealTree ├── repeat-element@1.1.2
133 silly idealTree ├── repeat-string@1.6.1
133 silly idealTree ├── require_optional@1.0.1
133 silly idealTree ├── resolve-from@2.0.0
133 silly idealTree ├── safe-buffer@5.1.1
133 silly idealTree ├── semver-diff@2.1.0
133 silly idealTree ├── semver@5.4.1
133 silly idealTree ├─┬ send@0.16.1
133 silly idealTree │ └── statuses@1.3.1
133 silly idealTree ├── serve-static@1.13.1
133 silly idealTree ├── set-immediate-shim@1.0.1
133 silly idealTree ├── setprototypeof@1.0.3
133 silly idealTree ├── shebang-command@1.2.0
133 silly idealTree ├── shebang-regex@1.0.0
133 silly idealTree ├── signal-exit@3.0.2
133 silly idealTree ├── sliced@1.0.1
133 silly idealTree ├── split@0.3.3
133 silly idealTree ├── statuses@1.4.0
133 silly idealTree ├── stream-combiner@0.0.4
133 silly idealTree ├── string-width@2.1.1
133 silly idealTree ├── string_decoder@1.0.3
133 silly idealTree ├── strip-ansi@4.0.0
133 silly idealTree ├── strip-eof@1.0.0
133 silly idealTree ├── strip-json-comments@2.0.1
133 silly idealTree ├── supports-color@4.5.0
133 silly idealTree ├── term-size@1.2.0
133 silly idealTree ├── through@2.3.8
133 silly idealTree ├── timed-out@4.0.1
133 silly idealTree ├── touch@3.1.0
133 silly idealTree ├── type-is@1.6.15
133 silly idealTree ├── undefsafe@0.0.3
133 silly idealTree ├── unique-string@1.0.0
133 silly idealTree ├── unpipe@1.0.0
133 silly idealTree ├── unzip-response@2.0.1
133 silly idealTree ├── update-notifier@2.3.0
133 silly idealTree ├── url-parse-lax@1.0.0
133 silly idealTree ├── util-deprecate@1.0.2
133 silly idealTree ├── utils-merge@1.0.1
133 silly idealTree ├── vary@1.1.2
133 silly idealTree ├── which@1.3.0
133 silly idealTree ├── widest-line@2.0.0
133 silly idealTree ├── write-file-atomic@2.3.0
133 silly idealTree ├── xdg-basedir@3.0.0
133 silly idealTree └── yallist@2.1.2
134 silly generateActionsToTake Starting
135 silly install generateActionsToTake
136 silly generateActionsToTake Finishing
137 silly diffTrees action count 2
138 silly diffTrees add node-bin-setup@1.0.6
139 silly diffTrees add node@9.3.0
140 silly decomposeActions action count 16
141 silly decomposeActions fetch node-bin-setup@1.0.6
142 silly decomposeActions extract node-bin-setup@1.0.6
143 silly decomposeActions test node-bin-setup@1.0.6
144 silly decomposeActions preinstall node-bin-setup@1.0.6
145 silly decomposeActions build node-bin-setup@1.0.6
146 silly decomposeActions install node-bin-setup@1.0.6
147 silly decomposeActions postinstall node-bin-setup@1.0.6
148 silly decomposeActions finalize node-bin-setup@1.0.6
149 silly decomposeActions fetch node@9.3.0
150 silly decomposeActions extract node@9.3.0
151 silly decomposeActions test node@9.3.0
152 silly decomposeActions preinstall node@9.3.0
153 silly decomposeActions build node@9.3.0
154 silly decomposeActions install node@9.3.0
155 silly decomposeActions postinstall node@9.3.0
156 silly decomposeActions finalize node@9.3.0
157 silly executeActions Starting
158 silly install executeActions
159 silly doSerial global-install 0
160 silly doParallel fetch 2
161 verbose lock using /home/ubuntu/.npm/_locks/staging-028e5f30e185c060.lock for /home/ubuntu/dataSaverv2/TLServer/node_modules/.staging
162 silly doParallel extract 2
163 silly extract node-bin-setup@1.0.6
164 silly extract node@9.3.0
165 verbose unbuild node_modules/.staging/node-bin-setup-9f9ec846
166 verbose unbuild node_modules/.staging/node-24ef5efa
167 silly gentlyRm /home/ubuntu/dataSaverv2/TLServer/node_modules/.staging/node-bin-setup-9f9ec846 is being purged from base /home/ubuntu/dataSaverv2/TLServer
168 verbose gentlyRm don't care about contents; nuking /home/ubuntu/dataSaverv2/TLServer/node_modules/.staging/node-bin-setup-9f9ec846
169 verbose tar unpack /home/ubuntu/.npm/node-bin-setup/1.0.6/package.tgz
170 verbose tar unpacking to /home/ubuntu/dataSaverv2/TLServer/node_modules/.staging/node-bin-setup-9f9ec846
171 silly gentlyRm /home/ubuntu/dataSaverv2/TLServer/node_modules/.staging/node-bin-setup-9f9ec846 is being purged
172 verbose gentlyRm don't care about contents; nuking /home/ubuntu/dataSaverv2/TLServer/node_modules/.staging/node-bin-setup-9f9ec846
173 silly gentlyRm /home/ubuntu/dataSaverv2/TLServer/node_modules/.staging/node-24ef5efa is being purged from base /home/ubuntu/dataSaverv2/TLServer
174 verbose gentlyRm don't care about contents; nuking /home/ubuntu/dataSaverv2/TLServer/node_modules/.staging/node-24ef5efa
175 silly gunzTarPerm modes [ '775', '664' ]
176 verbose tar unpack /home/ubuntu/.npm/node/9.3.0/package.tgz
177 verbose tar unpacking to /home/ubuntu/dataSaverv2/TLServer/node_modules/.staging/node-24ef5efa
178 silly gentlyRm /home/ubuntu/dataSaverv2/TLServer/node_modules/.staging/node-24ef5efa is being purged
179 verbose gentlyRm don't care about contents; nuking /home/ubuntu/dataSaverv2/TLServer/node_modules/.staging/node-24ef5efa
180 silly gunzTarPerm modes [ '775', '664' ]
181 silly gunzTarPerm extractEntry package.json
182 silly gunzTarPerm modified mode [ 'package.json', 420, 436 ]
183 silly gunzTarPerm extractEntry package.json
184 silly gunzTarPerm modified mode [ 'package.json', 420, 436 ]
185 silly gunzTarPerm extractEntry index.js
186 silly gunzTarPerm modified mode [ 'index.js', 420, 436 ]
187 silly gunzTarPerm extractEntry installArchSpecificPackage.js
188 silly gunzTarPerm modified mode [ 'installArchSpecificPackage.js', 420, 436 ]
189 silly gunzTarPerm extractEntry README.md
190 silly gunzTarPerm modified mode [ 'README.md', 420, 436 ]
191 silly gentlyRm /home/ubuntu/dataSaverv2/TLServer/node_modules/.staging/node-bin-setup-9f9ec846/node_modules is being purged
192 verbose gentlyRm don't care about contents; nuking /home/ubuntu/dataSaverv2/TLServer/node_modules/.staging/node-bin-setup-9f9ec846/node_modules
193 silly gentlyRm /home/ubuntu/dataSaverv2/TLServer/node_modules/.staging/node-24ef5efa/node_modules is being purged
194 verbose gentlyRm don't care about contents; nuking /home/ubuntu/dataSaverv2/TLServer/node_modules/.staging/node-24ef5efa/node_modules
195 silly doParallel preinstall 2
196 silly preinstall node-bin-setup@1.0.6 /home/ubuntu/dataSaverv2/TLServer/node_modules/.staging/node-bin-setup-9f9ec846
197 info lifecycle node-bin-setup@1.0.6~preinstall: node-bin-setup@1.0.6
198 silly preinstall node@9.3.0 /home/ubuntu/dataSaverv2/TLServer/node_modules/.staging/node-24ef5efa
199 info lifecycle node@9.3.0~preinstall: node@9.3.0
200 silly lifecycle node-bin-setup@1.0.6~preinstall: no script for preinstall, continuing
201 verbose lifecycle node@9.3.0~preinstall: unsafe-perm in lifecycle true
202 verbose lifecycle node@9.3.0~preinstall: PATH: /usr/share/npm/bin/node-gyp-bin:/home/ubuntu/dataSaverv2/TLServer/node_modules/.staging/node-24ef5efa/node_modules/.bin:/home/ubuntu/dataSaverv2/TLServer/node_modules/.bin:/home/ubuntu/bin:/home/ubuntu/.local/bin:/usr/local/sbin:/usr/local/bin:/usr/sbin:/usr/bin:/sbin:/bin:/usr/games:/usr/local/games:/snap/bin
203 verbose lifecycle node@9.3.0~preinstall: CWD: /home/ubuntu/dataSaverv2/TLServer/node_modules/.staging/node-24ef5efa
204 silly lifecycle node@9.3.0~preinstall: Args: [ '-c', 'node installArchSpecificPackage' ]
205 silly lifecycle node@9.3.0~preinstall: Returned: code: 1  signal: null
206 info lifecycle node@9.3.0~preinstall: Failed to exec preinstall script
207 verbose unlock done using /home/ubuntu/.npm/_locks/staging-028e5f30e185c060.lock for /home/ubuntu/dataSaverv2/TLServer/node_modules/.staging
208 silly rollbackFailedOptional Starting
209 silly rollbackFailedOptional Finishing
210 silly runTopLevelLifecycles Starting
211 silly runTopLevelLifecycles Finishing
212 silly install printInstalled
213 warn optional Skipping failed optional dependency /chokidar/fsevents:
214 warn notsup Not compatible with your operating system or architecture: fsevents@1.1.3
215 warn api-rest@1.0.0 No description
216 warn api-rest@1.0.0 No repository field.
217 verbose stack Error: node@9.3.0 preinstall: `node installArchSpecificPackage`
217 verbose stack Exit status 1
217 verbose stack     at EventEmitter.<anonymous> (/usr/share/npm/lib/utils/lifecycle.js:232:16)
217 verbose stack     at emitTwo (events.js:87:13)
217 verbose stack     at EventEmitter.emit (events.js:172:7)
217 verbose stack     at ChildProcess.<anonymous> (/usr/share/npm/lib/utils/spawn.js:24:14)
217 verbose stack     at emitTwo (events.js:87:13)
217 verbose stack     at ChildProcess.emit (events.js:172:7)
217 verbose stack     at maybeClose (internal/child_process.js:821:16)
217 verbose stack     at Process.ChildProcess._handle.onexit (internal/child_process.js:211:5)
218 verbose pkgid node@9.3.0
219 verbose cwd /home/ubuntu/dataSaverv2/TLServer
220 error Linux 4.4.0-1041-aws
221 error argv "/usr/bin/nodejs" "/usr/bin/npm" "install" "node"
222 error node v4.2.6
223 error npm  v3.5.2
224 error code ELIFECYCLE
225 error node@9.3.0 preinstall: `node installArchSpecificPackage`
225 error Exit status 1
226 error Failed at the node@9.3.0 preinstall script 'node installArchSpecificPackage'.
226 error Make sure you have the latest version of node.js and npm installed.
226 error If you do, this is most likely a problem with the node package,
226 error not with npm itself.
226 error Tell the author that this fails on your system:
226 error     node installArchSpecificPackage
226 error You can get information on how to open an issue for this project with:
226 error     npm bugs node
226 error Or if that isn't available, you can get their info via:
226 error     npm owner ls node
226 error There is likely additional logging output above.
227 verbose exit [ 1, true ]
